<?xml version="1.0" encoding="UTF-8"?>
<!-- Generated by org.testng.reporters.JUnitXMLReporter -->
<testsuite ignored="5" hostname="DESKTOP-VEHJON9" failures="0" tests="12" name="Smoke - Positive Tests Only" time="209.024" errors="0" timestamp="2026-06-05T11:31:54 EEST">
  <testcase classname="com.autoex.tests.Workflow1_RegistrationLoginTest" name="testRegistrationSuccess" time="20.618"/>
  <testcase classname="com.autoex.tests.Workflow1_RegistrationLoginTest" name="testRegistrationSuccess" time="17.445"/>
  <testcase classname="com.autoex.tests.Workflow2_ProductSearchCartTest" name="testProductDetailPageLoads" time="6.294"/>
  <testcase classname="com.autoex.tests.Workflow2_ProductSearchCartTest" name="testProductsPageLoads" time="3.928"/>
  <testcase classname="com.autoex.tests.Workflow2_ProductSearchCartTest" name="testSearchReturnsResults" time="7.383"/>
  <testcase classname="com.autoex.tests.Workflow2_ProductSearchCartTest" name="testSearchReturnsResults" time="6.854"/>
  <testcase classname="com.autoex.tests.Workflow2_ProductSearchCartTest" name="testSearchReturnsResults" time="6.794"/>
  <testcase classname="com.autoex.tests.Workflow2_ProductSearchCartTest" name="testSearchReturnsResults" time="7.901"/>
  <testcase classname="com.autoex.tests.Workflow2_ProductSearchCartTest" name="testSearchReturnsResults" time="14.712"/>
  <testcase classname="com.autoex.tests.Workflow3_CheckoutTest" name="testFullCheckoutSuccess" time="39.953"/>
  <testcase classname="com.autoex.tests.Workflow3_CheckoutTest" name="testFullCheckoutSuccess" time="37.526"/>
  <testcase classname="com.autoex.tests.Workflow3_CheckoutTest" name="testFullCheckoutSuccess" time="36.2"/>
  <testcase classname="com.autoex.tests.Workflow2_ProductSearchCartTest" name="testSearchEdgeCases" time="0.0">
    <ignored/>
  </testcase> <!-- testSearchEdgeCases -->
  <testcase classname="com.autoex.tests.BaseTest" name="@AfterSuite afterSuite" time="0.0">
    <ignored/>
  </testcase> <!-- @AfterSuite afterSuite -->
  <testcase classname="com.autoex.tests.Workflow2_ProductSearchCartTest" name="testCheckoutWithoutLogin" time="0.0">
    <ignored/>
  </testcase> <!-- testCheckoutWithoutLogin -->
  <testcase classname="com.autoex.tests.Workflow3_CheckoutTest" name="testGuestCheckoutBlocked" time="0.0">
    <ignored/>
  </testcase> <!-- testGuestCheckoutBlocked -->
  <testcase classname="com.autoex.tests.BaseTest" name="@AfterSuite afterSuite" time="0.0">
    <ignored/>
  </testcase> <!-- @AfterSuite afterSuite -->
</testsuite> <!-- Smoke - Positive Tests Only -->
