<?xml version="1.0" encoding="UTF-8"?>
<!-- Generated by org.testng.reporters.JUnitXMLReporter -->
<testsuite ignored="0" hostname="DESKTOP-VEHJON9" failures="0" tests="2" name="Workflow1 - Registration and Login" time="57.378" errors="0" timestamp="2026-06-05T11:23:42 EEST">
  <testcase classname="com.autoex.tests.Workflow1_RegistrationLoginTest" name="testRegistrationSuccess" time="25.93"/>
  <testcase classname="com.autoex.tests.Workflow1_RegistrationLoginTest" name="testRegistrationSuccess" time="29.393"/>
</testsuite> <!-- Workflow1 - Registration and Login -->
