<?xml version="1.0" encoding="UTF-8"?>
<!-- Generated by org.testng.reporters.JUnitXMLReporter -->
<testsuite ignored="0" hostname="DESKTOP-VEHJON9" failures="0" tests="14" name="Workflow2 - Product Search and Cart" time="150.274" errors="0" timestamp="2026-06-05T11:26:12 EEST">
  <testcase classname="com.autoex.tests.Workflow2_ProductSearchCartTest" name="testCheckoutWithoutLogin" time="18.767"/>
  <testcase classname="com.autoex.tests.Workflow2_ProductSearchCartTest" name="testProductDetailPageLoads" time="14.15"/>
  <testcase classname="com.autoex.tests.Workflow2_ProductSearchCartTest" name="testProductsPageLoads" time="21.496"/>
  <testcase classname="com.autoex.tests.Workflow2_ProductSearchCartTest" name="testSearchEdgeCases" time="22.814"/>
  <testcase classname="com.autoex.tests.Workflow2_ProductSearchCartTest" name="testSearchEdgeCases" time="12.001"/>
  <testcase classname="com.autoex.tests.Workflow2_ProductSearchCartTest" name="testSearchEdgeCases" time="6.817"/>
  <testcase classname="com.autoex.tests.Workflow2_ProductSearchCartTest" name="testSearchEdgeCases" time="6.7"/>
  <testcase classname="com.autoex.tests.Workflow2_ProductSearchCartTest" name="testSearchEdgeCases" time="6.369"/>
  <testcase classname="com.autoex.tests.Workflow2_ProductSearchCartTest" name="testSearchEdgeCases" time="6.562"/>
  <testcase classname="com.autoex.tests.Workflow2_ProductSearchCartTest" name="testSearchReturnsResults" time="6.366"/>
  <testcase classname="com.autoex.tests.Workflow2_ProductSearchCartTest" name="testSearchReturnsResults" time="6.406"/>
  <testcase classname="com.autoex.tests.Workflow2_ProductSearchCartTest" name="testSearchReturnsResults" time="6.916"/>
  <testcase classname="com.autoex.tests.Workflow2_ProductSearchCartTest" name="testSearchReturnsResults" time="6.72"/>
  <testcase classname="com.autoex.tests.Workflow2_ProductSearchCartTest" name="testSearchReturnsResults" time="5.841"/>
</testsuite> <!-- Workflow2 - Product Search and Cart -->
