<?xml version="1.0" encoding="UTF-8"?>
<!-- Generated by org.testng.reporters.JUnitXMLReporter -->
<testsuite ignored="0" hostname="DESKTOP-VEHJON9" failures="0" tests="4" name="Workflow3 - Checkout and Order" time="132.194" errors="0" timestamp="2026-06-05T11:28:25 EEST">
  <testcase classname="com.autoex.tests.Workflow3_CheckoutTest" name="testFullCheckoutSuccess" time="39.126"/>
  <testcase classname="com.autoex.tests.Workflow3_CheckoutTest" name="testFullCheckoutSuccess" time="37.347"/>
  <testcase classname="com.autoex.tests.Workflow3_CheckoutTest" name="testFullCheckoutSuccess" time="36.232"/>
  <testcase classname="com.autoex.tests.Workflow3_CheckoutTest" name="testGuestCheckoutBlocked" time="18.227"/>
</testsuite> <!-- Workflow3 - Checkout and Order -->
