<?xml version="1.0" encoding="UTF-8"?>
<!-- Generated by org.testng.reporters.JUnitXMLReporter -->
<testsuite ignored="0" hostname="DESKTOP-VEHJON9" failures="0" tests="13" name="Default test" time="342.678" errors="0" timestamp="2026-06-07T12:49:17 EEST">
  <testcase classname="com.autoex.tests.Workflow2_ProductSearchCartTest" name="testProductDetailPageLoads" time="30.381"/>
  <testcase classname="com.autoex.tests.Workflow2_ProductSearchCartTest" name="testProductsPageLoads" time="6.788"/>
  <testcase classname="com.autoex.tests.Workflow2_ProductSearchCartTest" name="testSearchEdgeCases" time="43.281"/>
  <testcase classname="com.autoex.tests.Workflow2_ProductSearchCartTest" name="testSearchEdgeCases" time="45.744"/>
  <testcase classname="com.autoex.tests.Workflow2_ProductSearchCartTest" name="testSearchEdgeCases" time="19.581"/>
  <testcase classname="com.autoex.tests.Workflow2_ProductSearchCartTest" name="testSearchEdgeCases" time="17.171"/>
  <testcase classname="com.autoex.tests.Workflow2_ProductSearchCartTest" name="testSearchEdgeCases" time="46.412"/>
  <testcase classname="com.autoex.tests.Workflow2_ProductSearchCartTest" name="testSearchEdgeCases" time="18.795"/>
  <testcase classname="com.autoex.tests.Workflow2_ProductSearchCartTest" name="testSearchReturnsResults" time="16.737"/>
  <testcase classname="com.autoex.tests.Workflow2_ProductSearchCartTest" name="testSearchReturnsResults" time="19.05"/>
  <testcase classname="com.autoex.tests.Workflow2_ProductSearchCartTest" name="testSearchReturnsResults" time="19.003"/>
  <testcase classname="com.autoex.tests.Workflow2_ProductSearchCartTest" name="testSearchReturnsResults" time="20.536"/>
  <testcase classname="com.autoex.tests.Workflow2_ProductSearchCartTest" name="testSearchReturnsResults" time="20.744"/>
</testsuite> <!-- Default test -->
