<?xml version="1.0" encoding="UTF-8"?>
<testng-results ignored="0" total="13" passed="13" failed="0" skipped="0">
  <reporter-output>
  </reporter-output>
  <suite started-at="2026-06-07T12:43:35 EEST" name="Default suite" finished-at="2026-06-07T12:49:17 EEST" duration-ms="342678">
    <groups>
      <group name="edge">
        <method signature="Workflow2_ProductSearchCartTest.testSearchEdgeCases(java.lang.String,java.lang.String)[pri:0, instance:com.autoex.tests.Workflow2_ProductSearchCartTest@217ed35e]" name="testSearchEdgeCases" class="com.autoex.tests.Workflow2_ProductSearchCartTest"/>
      </group> <!-- edge -->
      <group name="positive">
        <method signature="Workflow2_ProductSearchCartTest.testProductDetailPageLoads()[pri:0, instance:com.autoex.tests.Workflow2_ProductSearchCartTest@217ed35e]" name="testProductDetailPageLoads" class="com.autoex.tests.Workflow2_ProductSearchCartTest"/>
        <method signature="Workflow2_ProductSearchCartTest.testProductsPageLoads()[pri:0, instance:com.autoex.tests.Workflow2_ProductSearchCartTest@217ed35e]" name="testProductsPageLoads" class="com.autoex.tests.Workflow2_ProductSearchCartTest"/>
        <method signature="Workflow2_ProductSearchCartTest.testSearchReturnsResults(java.lang.String,int)[pri:0, instance:com.autoex.tests.Workflow2_ProductSearchCartTest@217ed35e]" name="testSearchReturnsResults" class="com.autoex.tests.Workflow2_ProductSearchCartTest"/>
      </group> <!-- positive -->
      <group name="products">
        <method signature="Workflow2_ProductSearchCartTest.testProductDetailPageLoads()[pri:0, instance:com.autoex.tests.Workflow2_ProductSearchCartTest@217ed35e]" name="testProductDetailPageLoads" class="com.autoex.tests.Workflow2_ProductSearchCartTest"/>
        <method signature="Workflow2_ProductSearchCartTest.testProductsPageLoads()[pri:0, instance:com.autoex.tests.Workflow2_ProductSearchCartTest@217ed35e]" name="testProductsPageLoads" class="com.autoex.tests.Workflow2_ProductSearchCartTest"/>
        <method signature="Workflow2_ProductSearchCartTest.testSearchEdgeCases(java.lang.String,java.lang.String)[pri:0, instance:com.autoex.tests.Workflow2_ProductSearchCartTest@217ed35e]" name="testSearchEdgeCases" class="com.autoex.tests.Workflow2_ProductSearchCartTest"/>
        <method signature="Workflow2_ProductSearchCartTest.testSearchReturnsResults(java.lang.String,int)[pri:0, instance:com.autoex.tests.Workflow2_ProductSearchCartTest@217ed35e]" name="testSearchReturnsResults" class="com.autoex.tests.Workflow2_ProductSearchCartTest"/>
      </group> <!-- products -->
    </groups>
    <test started-at="2026-06-07T12:43:35 EEST" name="Default test" finished-at="2026-06-07T12:49:17 EEST" duration-ms="342678">
      <class name="com.autoex.tests.Workflow2_ProductSearchCartTest">
        <test-method is-config="true" signature="setUpClass()[pri:0, instance:com.autoex.tests.Workflow2_ProductSearchCartTest@217ed35e]" started-at="2026-06-07T12:43:35 EEST" name="setUpClass" finished-at="2026-06-07T12:43:37 EEST" duration-ms="1875" status="PASS">
          <reporter-output>
          </reporter-output>
        </test-method> <!-- setUpClass -->
        <test-method is-config="true" signature="setUpMethod(java.lang.reflect.Method)[pri:0, instance:com.autoex.tests.Workflow2_ProductSearchCartTest@217ed35e]" started-at="2026-06-07T12:43:37 EEST" name="setUpMethod" finished-at="2026-06-07T12:43:37 EEST" duration-ms="202" status="PASS">
          <params>
            <param index="0">
              <value>
                <![CDATA[public void com.autoex.tests.Workflow2_ProductSearchCartTest.testProductDetailPageLoads()]]>
              </value>
            </param>
          </params>
          <reporter-output>
          </reporter-output>
        </test-method> <!-- setUpMethod -->
        <test-method is-config="true" signature="setupPages()[pri:0, instance:com.autoex.tests.Workflow2_ProductSearchCartTest@217ed35e]" started-at="2026-06-07T12:43:37 EEST" name="setupPages" finished-at="2026-06-07T12:43:37 EEST" duration-ms="8" status="PASS">
          <reporter-output>
          </reporter-output>
        </test-method> <!-- setupPages -->
        <test-method signature="testProductDetailPageLoads()[pri:0, instance:com.autoex.tests.Workflow2_ProductSearchCartTest@217ed35e]" started-at="2026-06-07T12:43:37 EEST" name="testProductDetailPageLoads" description="Product detail page loads" finished-at="2026-06-07T12:44:07 EEST" duration-ms="30381" status="PASS">
          <reporter-output>
          </reporter-output>
        </test-method> <!-- testProductDetailPageLoads -->
        <test-method is-config="true" signature="tearDownMethod(org.testng.ITestResult)[pri:0, instance:com.autoex.tests.Workflow2_ProductSearchCartTest@217ed35e]" started-at="2026-06-07T12:44:07 EEST" name="tearDownMethod" finished-at="2026-06-07T12:44:07 EEST" duration-ms="161" status="PASS">
          <params>
            <param index="0">
              <value>
                <![CDATA[[TestResult name=testProductDetailPageLoads status=SUCCESS method=Workflow2_ProductSearchCartTest.testProductDetailPageLoads()[pri:0, instance:com.autoex.tests.Workflow2_ProductSearchCartTest@217ed35e] output={null}]]]>
              </value>
            </param>
          </params>
          <reporter-output>
          </reporter-output>
        </test-method> <!-- tearDownMethod -->
        <test-method is-config="true" signature="setUpMethod(java.lang.reflect.Method)[pri:0, instance:com.autoex.tests.Workflow2_ProductSearchCartTest@217ed35e]" started-at="2026-06-07T12:44:07 EEST" name="setUpMethod" finished-at="2026-06-07T12:44:08 EEST" duration-ms="773" status="PASS">
          <params>
            <param index="0">
              <value>
                <![CDATA[public void com.autoex.tests.Workflow2_ProductSearchCartTest.testProductsPageLoads()]]>
              </value>
            </param>
          </params>
          <reporter-output>
          </reporter-output>
        </test-method> <!-- setUpMethod -->
        <test-method is-config="true" signature="setupPages()[pri:0, instance:com.autoex.tests.Workflow2_ProductSearchCartTest@217ed35e]" started-at="2026-06-07T12:44:08 EEST" name="setupPages" finished-at="2026-06-07T12:44:08 EEST" duration-ms="4" status="PASS">
          <reporter-output>
          </reporter-output>
        </test-method> <!-- setupPages -->
        <test-method signature="testProductsPageLoads()[pri:0, instance:com.autoex.tests.Workflow2_ProductSearchCartTest@217ed35e]" started-at="2026-06-07T12:44:08 EEST" name="testProductsPageLoads" description="Products page loads and displays items" finished-at="2026-06-07T12:44:15 EEST" duration-ms="6788" status="PASS">
          <reporter-output>
          </reporter-output>
        </test-method> <!-- testProductsPageLoads -->
        <test-method is-config="true" signature="tearDownMethod(org.testng.ITestResult)[pri:0, instance:com.autoex.tests.Workflow2_ProductSearchCartTest@217ed35e]" started-at="2026-06-07T12:44:15 EEST" name="tearDownMethod" finished-at="2026-06-07T12:44:15 EEST" duration-ms="118" status="PASS">
          <params>
            <param index="0">
              <value>
                <![CDATA[[TestResult name=testProductsPageLoads status=SUCCESS method=Workflow2_ProductSearchCartTest.testProductsPageLoads()[pri:0, instance:com.autoex.tests.Workflow2_ProductSearchCartTest@217ed35e] output={null}]]]>
              </value>
            </param>
          </params>
          <reporter-output>
          </reporter-output>
        </test-method> <!-- tearDownMethod -->
        <test-method is-config="true" signature="setUpMethod(java.lang.reflect.Method)[pri:0, instance:com.autoex.tests.Workflow2_ProductSearchCartTest@217ed35e]" started-at="2026-06-07T12:44:15 EEST" name="setUpMethod" finished-at="2026-06-07T12:44:16 EEST" duration-ms="656" status="PASS">
          <params>
            <param index="0">
              <value>
                <![CDATA[public void com.autoex.tests.Workflow2_ProductSearchCartTest.testSearchEdgeCases(java.lang.String,java.lang.String)]]>
              </value>
            </param>
          </params>
          <reporter-output>
          </reporter-output>
        </test-method> <!-- setUpMethod -->
        <test-method is-config="true" signature="setupPages()[pri:0, instance:com.autoex.tests.Workflow2_ProductSearchCartTest@217ed35e]" started-at="2026-06-07T12:44:16 EEST" name="setupPages" finished-at="2026-06-07T12:44:16 EEST" duration-ms="3" status="PASS">
          <reporter-output>
          </reporter-output>
        </test-method> <!-- setupPages -->
        <test-method signature="testSearchEdgeCases(java.lang.String,java.lang.String)[pri:0, instance:com.autoex.tests.Workflow2_ProductSearchCartTest@217ed35e]" started-at="2026-06-07T12:44:16 EEST" name="testSearchEdgeCases" description="Search handles edge-case inputs" data-provider="searchEdgeData" finished-at="2026-06-07T12:44:59 EEST" duration-ms="43281" status="PASS">
          <params>
            <param index="0">
              <value>
                <![CDATA[' OR 1=1--]]>
              </value>
            </param>
            <param index="1">
              <value>
                <![CDATA[SQL injection in search]]>
              </value>
            </param>
          </params>
          <reporter-output>
          </reporter-output>
        </test-method> <!-- testSearchEdgeCases -->
        <test-method is-config="true" signature="tearDownMethod(org.testng.ITestResult)[pri:0, instance:com.autoex.tests.Workflow2_ProductSearchCartTest@217ed35e]" started-at="2026-06-07T12:44:59 EEST" name="tearDownMethod" finished-at="2026-06-07T12:44:59 EEST" duration-ms="138" status="PASS">
          <params>
            <param index="0">
              <value>
                <![CDATA[[TestResult name=testSearchEdgeCases status=SUCCESS method=Workflow2_ProductSearchCartTest.testSearchEdgeCases(java.lang.String,java.lang.String)[pri:0, instance:com.autoex.tests.Workflow2_ProductSearchCartTest@217ed35e] output={null}]]]>
              </value>
            </param>
          </params>
          <reporter-output>
          </reporter-output>
        </test-method> <!-- tearDownMethod -->
        <test-method is-config="true" signature="setUpMethod(java.lang.reflect.Method)[pri:0, instance:com.autoex.tests.Workflow2_ProductSearchCartTest@217ed35e]" started-at="2026-06-07T12:44:59 EEST" name="setUpMethod" finished-at="2026-06-07T12:45:01 EEST" duration-ms="1439" status="PASS">
          <params>
            <param index="0">
              <value>
                <![CDATA[public void com.autoex.tests.Workflow2_ProductSearchCartTest.testSearchEdgeCases(java.lang.String,java.lang.String)]]>
              </value>
            </param>
          </params>
          <reporter-output>
          </reporter-output>
        </test-method> <!-- setUpMethod -->
        <test-method is-config="true" signature="setupPages()[pri:0, instance:com.autoex.tests.Workflow2_ProductSearchCartTest@217ed35e]" started-at="2026-06-07T12:45:01 EEST" name="setupPages" finished-at="2026-06-07T12:45:01 EEST" duration-ms="4" status="PASS">
          <reporter-output>
          </reporter-output>
        </test-method> <!-- setupPages -->
        <test-method signature="testSearchEdgeCases(java.lang.String,java.lang.String)[pri:0, instance:com.autoex.tests.Workflow2_ProductSearchCartTest@217ed35e]" started-at="2026-06-07T12:45:01 EEST" name="testSearchEdgeCases" description="Search handles edge-case inputs" data-provider="searchEdgeData" finished-at="2026-06-07T12:45:46 EEST" duration-ms="45744" status="PASS">
          <params>
            <param index="0">
              <value>
                <![CDATA[<script>alert(1)</script>]]>
              </value>
            </param>
            <param index="1">
              <value>
                <![CDATA[XSS payload in search]]>
              </value>
            </param>
          </params>
          <reporter-output>
          </reporter-output>
        </test-method> <!-- testSearchEdgeCases -->
        <test-method is-config="true" signature="tearDownMethod(org.testng.ITestResult)[pri:0, instance:com.autoex.tests.Workflow2_ProductSearchCartTest@217ed35e]" started-at="2026-06-07T12:45:46 EEST" name="tearDownMethod" finished-at="2026-06-07T12:45:46 EEST" duration-ms="151" status="PASS">
          <params>
            <param index="0">
              <value>
                <![CDATA[[TestResult name=testSearchEdgeCases status=SUCCESS method=Workflow2_ProductSearchCartTest.testSearchEdgeCases(java.lang.String,java.lang.String)[pri:0, instance:com.autoex.tests.Workflow2_ProductSearchCartTest@217ed35e] output={null}]]]>
              </value>
            </param>
          </params>
          <reporter-output>
          </reporter-output>
        </test-method> <!-- tearDownMethod -->
        <test-method is-config="true" signature="setUpMethod(java.lang.reflect.Method)[pri:0, instance:com.autoex.tests.Workflow2_ProductSearchCartTest@217ed35e]" started-at="2026-06-07T12:45:46 EEST" name="setUpMethod" finished-at="2026-06-07T12:45:49 EEST" duration-ms="2559" status="PASS">
          <params>
            <param index="0">
              <value>
                <![CDATA[public void com.autoex.tests.Workflow2_ProductSearchCartTest.testSearchEdgeCases(java.lang.String,java.lang.String)]]>
              </value>
            </param>
          </params>
          <reporter-output>
          </reporter-output>
        </test-method> <!-- setUpMethod -->
        <test-method is-config="true" signature="setupPages()[pri:0, instance:com.autoex.tests.Workflow2_ProductSearchCartTest@217ed35e]" started-at="2026-06-07T12:45:49 EEST" name="setupPages" finished-at="2026-06-07T12:45:49 EEST" duration-ms="4" status="PASS">
          <reporter-output>
          </reporter-output>
        </test-method> <!-- setupPages -->
        <test-method signature="testSearchEdgeCases(java.lang.String,java.lang.String)[pri:0, instance:com.autoex.tests.Workflow2_ProductSearchCartTest@217ed35e]" started-at="2026-06-07T12:45:49 EEST" name="testSearchEdgeCases" description="Search handles edge-case inputs" data-provider="searchEdgeData" finished-at="2026-06-07T12:46:09 EEST" duration-ms="19581" status="PASS">
          <params>
            <param index="0">
              <value>
                <![CDATA[aaaaaaaaaaaaaaaaaaaaaaaaaaaaaaaaaaaaaaaaaaaaaaaaaaaaaaaaaaaaaaaaaaaaaaaaaaaaaaaaaaaaaaaaaaaaaaaaaaaaaaaaaaaaaaaaaaaaaaaaaaaaaaaaaaaaaaaaaaaaaaaaaaaaaaaaaaaaaaaaaaaaaaaaaaaaaaaaaaaaaaaaaaaaaaaaaaaaaaaa]]>
              </value>
            </param>
            <param index="1">
              <value>
                <![CDATA[200-char search string]]>
              </value>
            </param>
          </params>
          <reporter-output>
          </reporter-output>
        </test-method> <!-- testSearchEdgeCases -->
        <test-method is-config="true" signature="tearDownMethod(org.testng.ITestResult)[pri:0, instance:com.autoex.tests.Workflow2_ProductSearchCartTest@217ed35e]" started-at="2026-06-07T12:46:09 EEST" name="tearDownMethod" finished-at="2026-06-07T12:46:09 EEST" duration-ms="169" status="PASS">
          <params>
            <param index="0">
              <value>
                <![CDATA[[TestResult name=testSearchEdgeCases status=SUCCESS method=Workflow2_ProductSearchCartTest.testSearchEdgeCases(java.lang.String,java.lang.String)[pri:0, instance:com.autoex.tests.Workflow2_ProductSearchCartTest@217ed35e] output={null}]]]>
              </value>
            </param>
          </params>
          <reporter-output>
          </reporter-output>
        </test-method> <!-- tearDownMethod -->
        <test-method is-config="true" signature="setUpMethod(java.lang.reflect.Method)[pri:0, instance:com.autoex.tests.Workflow2_ProductSearchCartTest@217ed35e]" started-at="2026-06-07T12:46:09 EEST" name="setUpMethod" finished-at="2026-06-07T12:46:10 EEST" duration-ms="1647" status="PASS">
          <params>
            <param index="0">
              <value>
                <![CDATA[public void com.autoex.tests.Workflow2_ProductSearchCartTest.testSearchEdgeCases(java.lang.String,java.lang.String)]]>
              </value>
            </param>
          </params>
          <reporter-output>
          </reporter-output>
        </test-method> <!-- setUpMethod -->
        <test-method is-config="true" signature="setupPages()[pri:0, instance:com.autoex.tests.Workflow2_ProductSearchCartTest@217ed35e]" started-at="2026-06-07T12:46:10 EEST" name="setupPages" finished-at="2026-06-07T12:46:10 EEST" duration-ms="5" status="PASS">
          <reporter-output>
          </reporter-output>
        </test-method> <!-- setupPages -->
        <test-method signature="testSearchEdgeCases(java.lang.String,java.lang.String)[pri:0, instance:com.autoex.tests.Workflow2_ProductSearchCartTest@217ed35e]" started-at="2026-06-07T12:46:10 EEST" name="testSearchEdgeCases" description="Search handles edge-case inputs" data-provider="searchEdgeData" finished-at="2026-06-07T12:46:28 EEST" duration-ms="17171" status="PASS">
          <params>
            <param index="0">
              <value>
                <![CDATA[DRESS]]>
              </value>
            </param>
            <param index="1">
              <value>
                <![CDATA[All-uppercase keyword]]>
              </value>
            </param>
          </params>
          <reporter-output>
          </reporter-output>
        </test-method> <!-- testSearchEdgeCases -->
        <test-method is-config="true" signature="tearDownMethod(org.testng.ITestResult)[pri:0, instance:com.autoex.tests.Workflow2_ProductSearchCartTest@217ed35e]" started-at="2026-06-07T12:46:28 EEST" name="tearDownMethod" finished-at="2026-06-07T12:46:28 EEST" duration-ms="210" status="PASS">
          <params>
            <param index="0">
              <value>
                <![CDATA[[TestResult name=testSearchEdgeCases status=SUCCESS method=Workflow2_ProductSearchCartTest.testSearchEdgeCases(java.lang.String,java.lang.String)[pri:0, instance:com.autoex.tests.Workflow2_ProductSearchCartTest@217ed35e] output={null}]]]>
              </value>
            </param>
          </params>
          <reporter-output>
          </reporter-output>
        </test-method> <!-- tearDownMethod -->
        <test-method is-config="true" signature="setUpMethod(java.lang.reflect.Method)[pri:0, instance:com.autoex.tests.Workflow2_ProductSearchCartTest@217ed35e]" started-at="2026-06-07T12:46:28 EEST" name="setUpMethod" finished-at="2026-06-07T12:46:29 EEST" duration-ms="1411" status="PASS">
          <params>
            <param index="0">
              <value>
                <![CDATA[public void com.autoex.tests.Workflow2_ProductSearchCartTest.testSearchEdgeCases(java.lang.String,java.lang.String)]]>
              </value>
            </param>
          </params>
          <reporter-output>
          </reporter-output>
        </test-method> <!-- setUpMethod -->
        <test-method is-config="true" signature="setupPages()[pri:0, instance:com.autoex.tests.Workflow2_ProductSearchCartTest@217ed35e]" started-at="2026-06-07T12:46:29 EEST" name="setupPages" finished-at="2026-06-07T12:46:29 EEST" duration-ms="3" status="PASS">
          <reporter-output>
          </reporter-output>
        </test-method> <!-- setupPages -->
        <test-method signature="testSearchEdgeCases(java.lang.String,java.lang.String)[pri:0, instance:com.autoex.tests.Workflow2_ProductSearchCartTest@217ed35e]" started-at="2026-06-07T12:46:29 EEST" name="testSearchEdgeCases" description="Search handles edge-case inputs" data-provider="searchEdgeData" finished-at="2026-06-07T12:47:16 EEST" duration-ms="46412" status="PASS">
          <params>
            <param index="0">
              <value>
                <![CDATA[dr ess]]>
              </value>
            </param>
            <param index="1">
              <value>
                <![CDATA[Keyword with internal space]]>
              </value>
            </param>
          </params>
          <reporter-output>
          </reporter-output>
        </test-method> <!-- testSearchEdgeCases -->
        <test-method is-config="true" signature="tearDownMethod(org.testng.ITestResult)[pri:0, instance:com.autoex.tests.Workflow2_ProductSearchCartTest@217ed35e]" started-at="2026-06-07T12:47:16 EEST" name="tearDownMethod" finished-at="2026-06-07T12:47:16 EEST" duration-ms="323" status="PASS">
          <params>
            <param index="0">
              <value>
                <![CDATA[[TestResult name=testSearchEdgeCases status=SUCCESS method=Workflow2_ProductSearchCartTest.testSearchEdgeCases(java.lang.String,java.lang.String)[pri:0, instance:com.autoex.tests.Workflow2_ProductSearchCartTest@217ed35e] output={null}]]]>
              </value>
            </param>
          </params>
          <reporter-output>
          </reporter-output>
        </test-method> <!-- tearDownMethod -->
        <test-method is-config="true" signature="setUpMethod(java.lang.reflect.Method)[pri:0, instance:com.autoex.tests.Workflow2_ProductSearchCartTest@217ed35e]" started-at="2026-06-07T12:47:16 EEST" name="setUpMethod" finished-at="2026-06-07T12:47:17 EEST" duration-ms="1143" status="PASS">
          <params>
            <param index="0">
              <value>
                <![CDATA[public void com.autoex.tests.Workflow2_ProductSearchCartTest.testSearchEdgeCases(java.lang.String,java.lang.String)]]>
              </value>
            </param>
          </params>
          <reporter-output>
          </reporter-output>
        </test-method> <!-- setUpMethod -->
        <test-method is-config="true" signature="setupPages()[pri:0, instance:com.autoex.tests.Workflow2_ProductSearchCartTest@217ed35e]" started-at="2026-06-07T12:47:17 EEST" name="setupPages" finished-at="2026-06-07T12:47:17 EEST" duration-ms="3" status="PASS">
          <reporter-output>
          </reporter-output>
        </test-method> <!-- setupPages -->
        <test-method signature="testSearchEdgeCases(java.lang.String,java.lang.String)[pri:0, instance:com.autoex.tests.Workflow2_ProductSearchCartTest@217ed35e]" started-at="2026-06-07T12:47:17 EEST" name="testSearchEdgeCases" description="Search handles edge-case inputs" data-provider="searchEdgeData" finished-at="2026-06-07T12:47:36 EEST" duration-ms="18795" status="PASS">
          <params>
            <param index="0">
              <value>
                <![CDATA[dress#@!]]>
              </value>
            </param>
            <param index="1">
              <value>
                <![CDATA[Special chars appended]]>
              </value>
            </param>
          </params>
          <reporter-output>
          </reporter-output>
        </test-method> <!-- testSearchEdgeCases -->
        <test-method is-config="true" signature="tearDownMethod(org.testng.ITestResult)[pri:0, instance:com.autoex.tests.Workflow2_ProductSearchCartTest@217ed35e]" started-at="2026-06-07T12:47:36 EEST" name="tearDownMethod" finished-at="2026-06-07T12:47:36 EEST" duration-ms="203" status="PASS">
          <params>
            <param index="0">
              <value>
                <![CDATA[[TestResult name=testSearchEdgeCases status=SUCCESS method=Workflow2_ProductSearchCartTest.testSearchEdgeCases(java.lang.String,java.lang.String)[pri:0, instance:com.autoex.tests.Workflow2_ProductSearchCartTest@217ed35e] output={null}]]]>
              </value>
            </param>
          </params>
          <reporter-output>
          </reporter-output>
        </test-method> <!-- tearDownMethod -->
        <test-method is-config="true" signature="setUpMethod(java.lang.reflect.Method)[pri:0, instance:com.autoex.tests.Workflow2_ProductSearchCartTest@217ed35e]" started-at="2026-06-07T12:47:36 EEST" name="setUpMethod" finished-at="2026-06-07T12:47:37 EEST" duration-ms="1112" status="PASS">
          <params>
            <param index="0">
              <value>
                <![CDATA[public void com.autoex.tests.Workflow2_ProductSearchCartTest.testSearchReturnsResults(java.lang.String,int)]]>
              </value>
            </param>
          </params>
          <reporter-output>
          </reporter-output>
        </test-method> <!-- setUpMethod -->
        <test-method is-config="true" signature="setupPages()[pri:0, instance:com.autoex.tests.Workflow2_ProductSearchCartTest@217ed35e]" started-at="2026-06-07T12:47:37 EEST" name="setupPages" finished-at="2026-06-07T12:47:37 EEST" duration-ms="3" status="PASS">
          <reporter-output>
          </reporter-output>
        </test-method> <!-- setupPages -->
        <test-method signature="testSearchReturnsResults(java.lang.String,int)[pri:0, instance:com.autoex.tests.Workflow2_ProductSearchCartTest@217ed35e]" started-at="2026-06-07T12:47:37 EEST" name="testSearchReturnsResults" description="Search with valid keyword" data-provider="searchPositiveData" finished-at="2026-06-07T12:47:54 EEST" duration-ms="16737" status="PASS">
          <params>
            <param index="0">
              <value>
                <![CDATA[top]]>
              </value>
            </param>
            <param index="1">
              <value>
                <![CDATA[1]]>
              </value>
            </param>
          </params>
          <reporter-output>
          </reporter-output>
        </test-method> <!-- testSearchReturnsResults -->
        <test-method is-config="true" signature="tearDownMethod(org.testng.ITestResult)[pri:0, instance:com.autoex.tests.Workflow2_ProductSearchCartTest@217ed35e]" started-at="2026-06-07T12:47:54 EEST" name="tearDownMethod" finished-at="2026-06-07T12:47:54 EEST" duration-ms="272" status="PASS">
          <params>
            <param index="0">
              <value>
                <![CDATA[[TestResult name=testSearchReturnsResults status=SUCCESS method=Workflow2_ProductSearchCartTest.testSearchReturnsResults(java.lang.String,int)[pri:0, instance:com.autoex.tests.Workflow2_ProductSearchCartTest@217ed35e] output={null}]]]>
              </value>
            </param>
          </params>
          <reporter-output>
          </reporter-output>
        </test-method> <!-- tearDownMethod -->
        <test-method is-config="true" signature="setUpMethod(java.lang.reflect.Method)[pri:0, instance:com.autoex.tests.Workflow2_ProductSearchCartTest@217ed35e]" started-at="2026-06-07T12:47:54 EEST" name="setUpMethod" finished-at="2026-06-07T12:47:55 EEST" duration-ms="787" status="PASS">
          <params>
            <param index="0">
              <value>
                <![CDATA[public void com.autoex.tests.Workflow2_ProductSearchCartTest.testSearchReturnsResults(java.lang.String,int)]]>
              </value>
            </param>
          </params>
          <reporter-output>
          </reporter-output>
        </test-method> <!-- setUpMethod -->
        <test-method is-config="true" signature="setupPages()[pri:0, instance:com.autoex.tests.Workflow2_ProductSearchCartTest@217ed35e]" started-at="2026-06-07T12:47:55 EEST" name="setupPages" finished-at="2026-06-07T12:47:55 EEST" duration-ms="3" status="PASS">
          <reporter-output>
          </reporter-output>
        </test-method> <!-- setupPages -->
        <test-method signature="testSearchReturnsResults(java.lang.String,int)[pri:0, instance:com.autoex.tests.Workflow2_ProductSearchCartTest@217ed35e]" started-at="2026-06-07T12:47:55 EEST" name="testSearchReturnsResults" description="Search with valid keyword" data-provider="searchPositiveData" finished-at="2026-06-07T12:48:14 EEST" duration-ms="19050" status="PASS">
          <params>
            <param index="0">
              <value>
                <![CDATA[dress]]>
              </value>
            </param>
            <param index="1">
              <value>
                <![CDATA[1]]>
              </value>
            </param>
          </params>
          <reporter-output>
          </reporter-output>
        </test-method> <!-- testSearchReturnsResults -->
        <test-method is-config="true" signature="tearDownMethod(org.testng.ITestResult)[pri:0, instance:com.autoex.tests.Workflow2_ProductSearchCartTest@217ed35e]" started-at="2026-06-07T12:48:14 EEST" name="tearDownMethod" finished-at="2026-06-07T12:48:14 EEST" duration-ms="171" status="PASS">
          <params>
            <param index="0">
              <value>
                <![CDATA[[TestResult name=testSearchReturnsResults status=SUCCESS method=Workflow2_ProductSearchCartTest.testSearchReturnsResults(java.lang.String,int)[pri:0, instance:com.autoex.tests.Workflow2_ProductSearchCartTest@217ed35e] output={null}]]]>
              </value>
            </param>
          </params>
          <reporter-output>
          </reporter-output>
        </test-method> <!-- tearDownMethod -->
        <test-method is-config="true" signature="setUpMethod(java.lang.reflect.Method)[pri:0, instance:com.autoex.tests.Workflow2_ProductSearchCartTest@217ed35e]" started-at="2026-06-07T12:48:14 EEST" name="setUpMethod" finished-at="2026-06-07T12:48:15 EEST" duration-ms="708" status="PASS">
          <params>
            <param index="0">
              <value>
                <![CDATA[public void com.autoex.tests.Workflow2_ProductSearchCartTest.testSearchReturnsResults(java.lang.String,int)]]>
              </value>
            </param>
          </params>
          <reporter-output>
          </reporter-output>
        </test-method> <!-- setUpMethod -->
        <test-method is-config="true" signature="setupPages()[pri:0, instance:com.autoex.tests.Workflow2_ProductSearchCartTest@217ed35e]" started-at="2026-06-07T12:48:15 EEST" name="setupPages" finished-at="2026-06-07T12:48:15 EEST" duration-ms="2" status="PASS">
          <reporter-output>
          </reporter-output>
        </test-method> <!-- setupPages -->
        <test-method signature="testSearchReturnsResults(java.lang.String,int)[pri:0, instance:com.autoex.tests.Workflow2_ProductSearchCartTest@217ed35e]" started-at="2026-06-07T12:48:15 EEST" name="testSearchReturnsResults" description="Search with valid keyword" data-provider="searchPositiveData" finished-at="2026-06-07T12:48:34 EEST" duration-ms="19003" status="PASS">
          <params>
            <param index="0">
              <value>
                <![CDATA[jeans]]>
              </value>
            </param>
            <param index="1">
              <value>
                <![CDATA[1]]>
              </value>
            </param>
          </params>
          <reporter-output>
          </reporter-output>
        </test-method> <!-- testSearchReturnsResults -->
        <test-method is-config="true" signature="tearDownMethod(org.testng.ITestResult)[pri:0, instance:com.autoex.tests.Workflow2_ProductSearchCartTest@217ed35e]" started-at="2026-06-07T12:48:34 EEST" name="tearDownMethod" finished-at="2026-06-07T12:48:34 EEST" duration-ms="146" status="PASS">
          <params>
            <param index="0">
              <value>
                <![CDATA[[TestResult name=testSearchReturnsResults status=SUCCESS method=Workflow2_ProductSearchCartTest.testSearchReturnsResults(java.lang.String,int)[pri:0, instance:com.autoex.tests.Workflow2_ProductSearchCartTest@217ed35e] output={null}]]]>
              </value>
            </param>
          </params>
          <reporter-output>
          </reporter-output>
        </test-method> <!-- tearDownMethod -->
        <test-method is-config="true" signature="setUpMethod(java.lang.reflect.Method)[pri:0, instance:com.autoex.tests.Workflow2_ProductSearchCartTest@217ed35e]" started-at="2026-06-07T12:48:34 EEST" name="setUpMethod" finished-at="2026-06-07T12:48:35 EEST" duration-ms="654" status="PASS">
          <params>
            <param index="0">
              <value>
                <![CDATA[public void com.autoex.tests.Workflow2_ProductSearchCartTest.testSearchReturnsResults(java.lang.String,int)]]>
              </value>
            </param>
          </params>
          <reporter-output>
          </reporter-output>
        </test-method> <!-- setUpMethod -->
        <test-method is-config="true" signature="setupPages()[pri:0, instance:com.autoex.tests.Workflow2_ProductSearchCartTest@217ed35e]" started-at="2026-06-07T12:48:35 EEST" name="setupPages" finished-at="2026-06-07T12:48:35 EEST" duration-ms="3" status="PASS">
          <reporter-output>
          </reporter-output>
        </test-method> <!-- setupPages -->
        <test-method signature="testSearchReturnsResults(java.lang.String,int)[pri:0, instance:com.autoex.tests.Workflow2_ProductSearchCartTest@217ed35e]" started-at="2026-06-07T12:48:35 EEST" name="testSearchReturnsResults" description="Search with valid keyword" data-provider="searchPositiveData" finished-at="2026-06-07T12:48:55 EEST" duration-ms="20536" status="PASS">
          <params>
            <param index="0">
              <value>
                <![CDATA[t-shirt]]>
              </value>
            </param>
            <param index="1">
              <value>
                <![CDATA[1]]>
              </value>
            </param>
          </params>
          <reporter-output>
          </reporter-output>
        </test-method> <!-- testSearchReturnsResults -->
        <test-method is-config="true" signature="tearDownMethod(org.testng.ITestResult)[pri:0, instance:com.autoex.tests.Workflow2_ProductSearchCartTest@217ed35e]" started-at="2026-06-07T12:48:55 EEST" name="tearDownMethod" finished-at="2026-06-07T12:48:55 EEST" duration-ms="140" status="PASS">
          <params>
            <param index="0">
              <value>
                <![CDATA[[TestResult name=testSearchReturnsResults status=SUCCESS method=Workflow2_ProductSearchCartTest.testSearchReturnsResults(java.lang.String,int)[pri:0, instance:com.autoex.tests.Workflow2_ProductSearchCartTest@217ed35e] output={null}]]]>
              </value>
            </param>
          </params>
          <reporter-output>
          </reporter-output>
        </test-method> <!-- tearDownMethod -->
        <test-method is-config="true" signature="setUpMethod(java.lang.reflect.Method)[pri:0, instance:com.autoex.tests.Workflow2_ProductSearchCartTest@217ed35e]" started-at="2026-06-07T12:48:55 EEST" name="setUpMethod" finished-at="2026-06-07T12:48:56 EEST" duration-ms="1018" status="PASS">
          <params>
            <param index="0">
              <value>
                <![CDATA[public void com.autoex.tests.Workflow2_ProductSearchCartTest.testSearchReturnsResults(java.lang.String,int)]]>
              </value>
            </param>
          </params>
          <reporter-output>
          </reporter-output>
        </test-method> <!-- setUpMethod -->
        <test-method is-config="true" signature="setupPages()[pri:0, instance:com.autoex.tests.Workflow2_ProductSearchCartTest@217ed35e]" started-at="2026-06-07T12:48:56 EEST" name="setupPages" finished-at="2026-06-07T12:48:56 EEST" duration-ms="3" status="PASS">
          <reporter-output>
          </reporter-output>
        </test-method> <!-- setupPages -->
        <test-method signature="testSearchReturnsResults(java.lang.String,int)[pri:0, instance:com.autoex.tests.Workflow2_ProductSearchCartTest@217ed35e]" started-at="2026-06-07T12:48:56 EEST" name="testSearchReturnsResults" description="Search with valid keyword" data-provider="searchPositiveData" finished-at="2026-06-07T12:49:17 EEST" duration-ms="20744" status="PASS">
          <params>
            <param index="0">
              <value>
                <![CDATA[saree]]>
              </value>
            </param>
            <param index="1">
              <value>
                <![CDATA[1]]>
              </value>
            </param>
          </params>
          <reporter-output>
          </reporter-output>
        </test-method> <!-- testSearchReturnsResults -->
        <test-method is-config="true" signature="tearDownMethod(org.testng.ITestResult)[pri:0, instance:com.autoex.tests.Workflow2_ProductSearchCartTest@217ed35e]" started-at="2026-06-07T12:49:17 EEST" name="tearDownMethod" finished-at="2026-06-07T12:49:17 EEST" duration-ms="136" status="PASS">
          <params>
            <param index="0">
              <value>
                <![CDATA[[TestResult name=testSearchReturnsResults status=SUCCESS method=Workflow2_ProductSearchCartTest.testSearchReturnsResults(java.lang.String,int)[pri:0, instance:com.autoex.tests.Workflow2_ProductSearchCartTest@217ed35e] output={null}]]]>
              </value>
            </param>
          </params>
          <reporter-output>
          </reporter-output>
        </test-method> <!-- tearDownMethod -->
        <test-method is-config="true" signature="tearDownClass()[pri:0, instance:com.autoex.tests.Workflow2_ProductSearchCartTest@217ed35e]" started-at="2026-06-07T12:49:17 EEST" name="tearDownClass" finished-at="2026-06-07T12:49:17 EEST" duration-ms="0" status="PASS">
          <reporter-output>
          </reporter-output>
        </test-method> <!-- tearDownClass -->
        <test-method is-config="true" signature="afterSuite()[pri:0, instance:com.autoex.tests.Workflow2_ProductSearchCartTest@217ed35e]" started-at="2026-06-07T12:49:17 EEST" name="afterSuite" finished-at="2026-06-07T12:49:18 EEST" duration-ms="292" status="PASS">
          <reporter-output>
          </reporter-output>
        </test-method> <!-- afterSuite -->
      </class> <!-- com.autoex.tests.Workflow2_ProductSearchCartTest -->
    </test> <!-- Default test -->
  </suite> <!-- Default suite -->
</testng-results>
