<?xml version="1.0" encoding="UTF-8"?>
<!-- Generated by org.testng.reporters.JUnitReportReporter -->
<testsuite hostname="DESKTOP-VEHJON9" failures="0" tests="13" name="com.autoex.tests.Workflow2_ProductSearchCartTest" time="340.718" errors="0" timestamp="2026-06-07T12:49:18 EEST" skipped="0">
  <testcase classname="com.autoex.tests.Workflow2_ProductSearchCartTest" name="testSearchEdgeCases" time="18.040"/>
  <testcase classname="com.autoex.tests.Workflow2_ProductSearchCartTest" name="testProductDetailPageLoads" time="31.985"/>
  <testcase classname="com.autoex.tests.Workflow2_ProductSearchCartTest" name="testSearchEdgeCases" time="46.559"/>
  <testcase classname="com.autoex.tests.Workflow2_ProductSearchCartTest" name="testSearchEdgeCases" time="44.596"/>
  <testcase classname="com.autoex.tests.Workflow2_ProductSearchCartTest" name="testSearchReturnsResults" time="18.354"/>
  <testcase classname="com.autoex.tests.Workflow2_ProductSearchCartTest" name="testProductsPageLoads" time="7.264"/>
  <testcase classname="com.autoex.tests.Workflow2_ProductSearchCartTest" name="testSearchReturnsResults" time="20.102"/>
  <testcase classname="com.autoex.tests.Workflow2_ProductSearchCartTest" name="testSearchEdgeCases" time="47.579"/>
  <testcase classname="com.autoex.tests.Workflow2_ProductSearchCartTest" name="testSearchReturnsResults" time="20.303"/>
  <testcase classname="com.autoex.tests.Workflow2_ProductSearchCartTest" name="testSearchEdgeCases" time="20.563"/>
  <testcase classname="com.autoex.tests.Workflow2_ProductSearchCartTest" name="testSearchEdgeCases" time="22.315"/>
  <testcase classname="com.autoex.tests.Workflow2_ProductSearchCartTest" name="testSearchReturnsResults" time="21.384"/>
  <testcase classname="com.autoex.tests.Workflow2_ProductSearchCartTest" name="testSearchReturnsResults" time="21.674"/>
</testsuite> <!-- com.autoex.tests.Workflow2_ProductSearchCartTest -->
