<?xml version="1.0" encoding="UTF-8"?>
<!-- Generated by org.testng.reporters.JUnitReportReporter -->
<testsuite hostname="DESKTOP-VEHJON9" failures="0" tests="2" name="com.autoex.tests.Workflow3_CheckoutTest" time="24.470" errors="0" timestamp="2026-06-07T12:32:41 EEST" skipped="0">
  <testcase classname="com.autoex.tests.Workflow3_CheckoutTest" name="testGuestCheckoutBlocked" time="4.282"/>
  <testcase classname="com.autoex.tests.Workflow3_CheckoutTest" name="testFullCheckoutSuccess" time="20.188"/>
</testsuite> <!-- com.autoex.tests.Workflow3_CheckoutTest -->
