<?xml version="1.0" encoding="UTF-8"?>
<!-- Generated by org.testng.reporters.JUnitReportReporter -->
<testsuite hostname="DESKTOP-VEHJON9" failures="0" tests="2" name="com.autoex.tests.Workflow1_RegistrationLoginTest" time="49.035" errors="0" timestamp="2026-06-07T12:42:48 EEST" skipped="0">
  <testcase classname="com.autoex.tests.Workflow1_RegistrationLoginTest" name="testRegistrationSuccess" time="22.825"/>
  <testcase classname="com.autoex.tests.Workflow1_RegistrationLoginTest" name="testRegistrationSuccess" time="26.210"/>
</testsuite> <!-- com.autoex.tests.Workflow1_RegistrationLoginTest -->
